<?xml version="1.0" encoding="UTF-8"?>
<testng-results total="1" passed="1" failed="0" skipped="0">
  <reporter-output>
  </reporter-output>
  <suite started-at="2020-03-12T13:46:16Z" name="Default suite" finished-at="2020-03-12T13:46:27Z" duration-ms="11191">
    <groups>
    </groups>
    <test started-at="2020-03-12T13:46:16Z" name="Default test" finished-at="2020-03-12T13:46:27Z" duration-ms="11191">
      <class name="com.qa.crm.testcases.HomePageTest">
        <test-method is-config="true" signature="setup()[pri:0, instance:com.qa.crm.testcases.HomePageTest@1190200a]" started-at="2020-03-12T19:16:16Z" name="setup" finished-at="2020-03-12T19:16:26Z" duration-ms="10296" status="PASS">
          <reporter-output>
          </reporter-output>
        </test-method> <!-- setup -->
        <test-method signature="verifyHomePageTitleTest()[pri:0, instance:com.qa.crm.testcases.HomePageTest@1190200a]" started-at="2020-03-12T19:16:26Z" name="verifyHomePageTitleTest" finished-at="2020-03-12T19:16:26Z" duration-ms="30" status="PASS">
          <reporter-output>
          </reporter-output>
        </test-method> <!-- verifyHomePageTitleTest -->
        <test-method is-config="true" signature="teatDown()[pri:0, instance:com.qa.crm.testcases.HomePageTest@1190200a]" started-at="2020-03-12T19:16:26Z" name="teatDown" finished-at="2020-03-12T19:16:27Z" duration-ms="832" status="PASS">
          <reporter-output>
          </reporter-output>
        </test-method> <!-- teatDown -->
      </class> <!-- com.qa.crm.testcases.HomePageTest -->
    </test> <!-- Default test -->
  </suite> <!-- Default suite -->
</testng-results>
